<?xml version="1.0" encoding="UTF-8"?>
<coverage generated="1533137375416" clover="3.2.0">
  <project timestamp="1533137375416" name="All files">
    <metrics statements="126" coveredstatements="109" conditionals="33" coveredconditionals="20" methods="62" coveredmethods="53" elements="221" coveredelements="182" complexity="0" loc="126" ncloc="126" packages="9" files="13" classes="13">
      <package name="actions">
        <metrics statements="8" coveredstatements="8" conditionals="0" coveredconditionals="0" methods="8" coveredmethods="8"/>
        <file name="index.js" path="/Users/marikaross/mod3/cheese-louise/cheese-louise/src/actions/index.js">
          <metrics statements="8" coveredstatements="8" conditionals="0" coveredconditionals="0" methods="8" coveredmethods="8"/>
          <line num="1" count="9" type="stmt"/>
          <line num="6" count="9" type="stmt"/>
          <line num="11" count="9" type="stmt"/>
          <line num="16" count="9" type="stmt"/>
          <line num="21" count="19" type="stmt"/>
          <line num="26" count="9" type="stmt"/>
          <line num="31" count="9" type="stmt"/>
          <line num="36" count="9" type="stmt"/>
        </file>
      </package>
      <package name="components">
        <metrics statements="13" coveredstatements="12" conditionals="6" coveredconditionals="3" methods="6" coveredmethods="5"/>
        <file name="CheeseCard.js" path="/Users/marikaross/mod3/cheese-louise/cheese-louise/src/components/CheeseCard.js">
          <metrics statements="10" coveredstatements="9" conditionals="4" coveredconditionals="2" methods="5" coveredmethods="4"/>
          <line num="7" count="4" type="stmt"/>
          <line num="9" count="24" type="stmt"/>
          <line num="10" count="5" type="stmt"/>
          <line num="11" count="5" type="stmt"/>
          <line num="12" count="5" type="stmt"/>
          <line num="15" count="24" type="stmt"/>
          <line num="18" count="5" type="stmt"/>
          <line num="24" count="0" type="stmt"/>
          <line num="27" count="5" type="stmt"/>
          <line num="36" count="4" type="stmt"/>
        </file>
        <file name="CheeseDetails.js" path="/Users/marikaross/mod3/cheese-louise/cheese-louise/src/components/CheeseDetails.js">
          <metrics statements="3" coveredstatements="3" conditionals="2" coveredconditionals="1" methods="1" coveredmethods="1"/>
          <line num="9" count="2" type="stmt"/>
          <line num="10" count="1" type="stmt"/>
          <line num="32" count="2" type="stmt"/>
        </file>
      </package>
      <package name="containers.App">
        <metrics statements="11" coveredstatements="8" conditionals="0" coveredconditionals="0" methods="8" coveredmethods="6"/>
        <file name="App.js" path="/Users/marikaross/mod3/cheese-louise/cheese-louise/src/containers/App/App.js">
          <metrics statements="11" coveredstatements="8" conditionals="0" coveredconditionals="0" methods="8" coveredmethods="6"/>
          <line num="18" count="4" type="stmt"/>
          <line num="19" count="4" type="stmt"/>
          <line num="24" count="4" type="stmt"/>
          <line num="31" count="0" type="stmt"/>
          <line num="32" count="0" type="stmt"/>
          <line num="34" count="0" type="stmt"/>
          <line num="47" count="1" type="stmt"/>
          <line num="54" count="2" type="stmt"/>
          <line num="55" count="1" type="stmt"/>
          <line num="56" count="1" type="stmt"/>
          <line num="60" count="1" type="stmt"/>
        </file>
      </package>
      <package name="containers.CheeseContainer">
        <metrics statements="15" coveredstatements="12" conditionals="2" coveredconditionals="1" methods="12" coveredmethods="11"/>
        <file name="CheeseContainer.js" path="/Users/marikaross/mod3/cheese-louise/cheese-louise/src/containers/CheeseContainer/CheeseContainer.js">
          <metrics statements="15" coveredstatements="12" conditionals="2" coveredconditionals="1" methods="12" coveredmethods="11"/>
          <line num="12" count="2" type="cond" truecount="1" falsecount="1"/>
          <line num="13" count="0" type="stmt"/>
          <line num="15" count="2" type="stmt"/>
          <line num="20" count="5" type="stmt"/>
          <line num="24" count="0" type="stmt"/>
          <line num="25" count="0" type="stmt"/>
          <line num="31" count="11" type="stmt"/>
          <line num="32" count="22" type="stmt"/>
          <line num="52" count="11" type="stmt"/>
          <line num="60" count="2" type="stmt"/>
          <line num="65" count="3" type="stmt"/>
          <line num="66" count="1" type="stmt"/>
          <line num="67" count="1" type="stmt"/>
          <line num="68" count="1" type="stmt"/>
          <line num="71" count="2" type="stmt"/>
        </file>
      </package>
      <package name="containers.Favorites">
        <metrics statements="18" coveredstatements="11" conditionals="2" coveredconditionals="0" methods="14" coveredmethods="9"/>
        <file name="Favorites.js" path="/Users/marikaross/mod3/cheese-louise/cheese-louise/src/containers/Favorites/Favorites.js">
          <metrics statements="18" coveredstatements="11" conditionals="2" coveredconditionals="0" methods="14" coveredmethods="9"/>
          <line num="12" count="0" type="cond" truecount="0" falsecount="2"/>
          <line num="13" count="0" type="stmt"/>
          <line num="15" count="0" type="stmt"/>
          <line num="20" count="0" type="stmt"/>
          <line num="24" count="9" type="stmt"/>
          <line num="25" count="18" type="stmt"/>
          <line num="27" count="9" type="stmt"/>
          <line num="31" count="0" type="stmt"/>
          <line num="32" count="0" type="stmt"/>
          <line num="36" count="9" type="stmt"/>
          <line num="37" count="0" type="stmt"/>
          <line num="55" count="9" type="stmt"/>
          <line num="64" count="2" type="stmt"/>
          <line num="69" count="3" type="stmt"/>
          <line num="70" count="1" type="stmt"/>
          <line num="71" count="1" type="stmt"/>
          <line num="72" count="1" type="stmt"/>
          <line num="75" count="2" type="stmt"/>
        </file>
      </package>
      <package name="containers.Header">
        <metrics statements="2" coveredstatements="2" conditionals="0" coveredconditionals="0" methods="1" coveredmethods="1"/>
        <file name="Header.js" path="/Users/marikaross/mod3/cheese-louise/cheese-louise/src/containers/Header/Header.js">
          <metrics statements="2" coveredstatements="2" conditionals="0" coveredconditionals="0" methods="1" coveredmethods="1"/>
          <line num="5" count="2" type="stmt"/>
          <line num="7" count="1" type="stmt"/>
        </file>
      </package>
      <package name="helper">
        <metrics statements="11" coveredstatements="11" conditionals="2" coveredconditionals="2" methods="3" coveredmethods="3"/>
        <file name="cheese-cleaner.js" path="/Users/marikaross/mod3/cheese-louise/cheese-louise/src/helper/cheese-cleaner.js">
          <metrics statements="8" coveredstatements="8" conditionals="2" coveredconditionals="2" methods="3" coveredmethods="3"/>
          <line num="1" count="5" type="stmt"/>
          <line num="2" count="2" type="stmt"/>
          <line num="4" count="3" type="cond" truecount="2" falsecount="0"/>
          <line num="5" count="1" type="stmt"/>
          <line num="7" count="2" type="stmt"/>
          <line num="9" count="3" type="stmt"/>
          <line num="19" count="5" type="stmt"/>
          <line num="20" count="2" type="stmt"/>
        </file>
        <file name="mockData.js" path="/Users/marikaross/mod3/cheese-louise/cheese-louise/src/helper/mockData.js">
          <metrics statements="3" coveredstatements="3" conditionals="0" coveredconditionals="0" methods="0" coveredmethods="0"/>
          <line num="1" count="2" type="stmt"/>
          <line num="84" count="2" type="stmt"/>
          <line num="97" count="2" type="stmt"/>
        </file>
      </package>
      <package name="reducers">
        <metrics statements="24" coveredstatements="21" conditionals="17" coveredconditionals="10" methods="6" coveredmethods="6"/>
        <file name="cheeseReducer.js" path="/Users/marikaross/mod3/cheese-louise/cheese-louise/src/reducers/cheeseReducer.js">
          <metrics statements="18" coveredstatements="15" conditionals="13" coveredconditionals="7" methods="4" coveredmethods="4"/>
          <line num="1" count="1" type="cond" truecount="0" falsecount="1"/>
          <line num="2" count="1" type="cond" truecount="1" falsecount="1"/>
          <line num="4" count="0" type="stmt"/>
          <line num="5" count="1" type="stmt"/>
          <line num="9" count="1" type="cond" truecount="0" falsecount="1"/>
          <line num="10" count="1" type="cond" truecount="1" falsecount="1"/>
          <line num="12" count="0" type="stmt"/>
          <line num="14" count="1" type="stmt"/>
          <line num="19" count="1" type="cond" truecount="0" falsecount="1"/>
          <line num="20" count="4" type="cond" truecount="4" falsecount="0"/>
          <line num="22" count="1" type="stmt"/>
          <line num="24" count="1" type="stmt"/>
          <line num="26" count="1" type="stmt"/>
          <line num="27" count="1" type="cond" truecount="1" falsecount="1"/>
          <line num="28" count="0" type="stmt"/>
          <line num="31" count="1" type="stmt"/>
          <line num="34" count="1" type="stmt"/>
          <line num="36" count="1" type="stmt"/>
        </file>
        <file name="favesReducer.js" path="/Users/marikaross/mod3/cheese-louise/cheese-louise/src/reducers/favesReducer.js">
          <metrics statements="6" coveredstatements="6" conditionals="4" coveredconditionals="3" methods="2" coveredmethods="2"/>
          <line num="1" count="1" type="cond" truecount="0" falsecount="1"/>
          <line num="2" count="3" type="cond" truecount="3" falsecount="0"/>
          <line num="4" count="1" type="stmt"/>
          <line num="6" count="2" type="stmt"/>
          <line num="7" count="1" type="stmt"/>
          <line num="9" count="1" type="stmt"/>
        </file>
      </package>
      <package name="thunks">
        <metrics statements="24" coveredstatements="24" conditionals="4" coveredconditionals="4" methods="4" coveredmethods="4"/>
        <file name="fetchCheese.js" path="/Users/marikaross/mod3/cheese-louise/cheese-louise/src/thunks/fetchCheese.js">
          <metrics statements="12" coveredstatements="12" conditionals="2" coveredconditionals="2" methods="2" coveredmethods="2"/>
          <line num="4" count="1" type="stmt"/>
          <line num="5" count="4" type="stmt"/>
          <line num="6" count="4" type="stmt"/>
          <line num="7" count="4" type="stmt"/>
          <line num="8" count="4" type="stmt"/>
          <line num="9" count="3" type="cond" truecount="2" falsecount="0"/>
          <line num="10" count="1" type="stmt"/>
          <line num="12" count="2" type="stmt"/>
          <line num="13" count="2" type="stmt"/>
          <line num="14" count="1" type="stmt"/>
          <line num="15" count="1" type="stmt"/>
          <line num="17" count="3" type="stmt"/>
        </file>
        <file name="fetchSummary.js" path="/Users/marikaross/mod3/cheese-louise/cheese-louise/src/thunks/fetchSummary.js">
          <metrics statements="12" coveredstatements="12" conditionals="2" coveredconditionals="2" methods="2" coveredmethods="2"/>
          <line num="4" count="3" type="stmt"/>
          <line num="5" count="6" type="stmt"/>
          <line num="6" count="4" type="stmt"/>
          <line num="7" count="4" type="stmt"/>
          <line num="8" count="4" type="stmt"/>
          <line num="9" count="3" type="cond" truecount="2" falsecount="0"/>
          <line num="10" count="1" type="stmt"/>
          <line num="12" count="2" type="stmt"/>
          <line num="13" count="2" type="stmt"/>
          <line num="14" count="1" type="stmt"/>
          <line num="15" count="1" type="stmt"/>
          <line num="17" count="3" type="stmt"/>
        </file>
      </package>
    </metrics>
  </project>
</coverage>
