{"/Users/marikaross/mod3/cheese-louise/cheese-louise/src/actions/index.js": {"path":"/Users/marikaross/mod3/cheese-louise/cheese-louise/src/actions/index.js","statementMap":{"0":{"start":{"line":1,"column":25},"end":{"line":4,"column":2}},"1":{"start":{"line":1,"column":39},"end":{"line":4,"column":1}},"2":{"start":{"line":6,"column":32},"end":{"line":9,"column":2}},"3":{"start":{"line":6,"column":47},"end":{"line":9,"column":1}},"4":{"start":{"line":11,"column":29},"end":{"line":14,"column":2}},"5":{"start":{"line":11,"column":38},"end":{"line":14,"column":1}},"6":{"start":{"line":16,"column":28},"end":{"line":19,"column":2}},"7":{"start":{"line":16,"column":37},"end":{"line":19,"column":1}},"8":{"start":{"line":21,"column":25},"end":{"line":24,"column":2}},"9":{"start":{"line":21,"column":36},"end":{"line":24,"column":1}},"10":{"start":{"line":26,"column":26},"end":{"line":29,"column":2}},"11":{"start":{"line":26,"column":37},"end":{"line":29,"column":1}},"12":{"start":{"line":31,"column":38},"end":{"line":34,"column":2}},"13":{"start":{"line":31,"column":52},"end":{"line":34,"column":1}},"14":{"start":{"line":36,"column":39},"end":{"line":40,"column":2}},"15":{"start":{"line":36,"column":57},"end":{"line":40,"column":1}}},"fnMap":{"0":{"name":"(anonymous_0)","decl":{"start":{"line":1,"column":25},"end":{"line":1,"column":26}},"loc":{"start":{"line":1,"column":39},"end":{"line":4,"column":1}},"line":1},"1":{"name":"(anonymous_1)","decl":{"start":{"line":6,"column":32},"end":{"line":6,"column":33}},"loc":{"start":{"line":6,"column":47},"end":{"line":9,"column":1}},"line":6},"2":{"name":"(anonymous_2)","decl":{"start":{"line":11,"column":29},"end":{"line":11,"column":30}},"loc":{"start":{"line":11,"column":38},"end":{"line":14,"column":1}},"line":11},"3":{"name":"(anonymous_3)","decl":{"start":{"line":16,"column":28},"end":{"line":16,"column":29}},"loc":{"start":{"line":16,"column":37},"end":{"line":19,"column":1}},"line":16},"4":{"name":"(anonymous_4)","decl":{"start":{"line":21,"column":25},"end":{"line":21,"column":26}},"loc":{"start":{"line":21,"column":36},"end":{"line":24,"column":1}},"line":21},"5":{"name":"(anonymous_5)","decl":{"start":{"line":26,"column":26},"end":{"line":26,"column":27}},"loc":{"start":{"line":26,"column":37},"end":{"line":29,"column":1}},"line":26},"6":{"name":"(anonymous_6)","decl":{"start":{"line":31,"column":38},"end":{"line":31,"column":39}},"loc":{"start":{"line":31,"column":52},"end":{"line":34,"column":1}},"line":31},"7":{"name":"(anonymous_7)","decl":{"start":{"line":36,"column":39},"end":{"line":36,"column":40}},"loc":{"start":{"line":36,"column":57},"end":{"line":40,"column":1}},"line":36}},"branchMap":{},"s":{"0":9,"1":4,"2":9,"3":1,"4":9,"5":6,"6":9,"7":6,"8":9,"9":19,"10":9,"11":9,"12":9,"13":4,"14":9,"15":4},"f":{"0":4,"1":1,"2":6,"3":6,"4":19,"5":9,"6":4,"7":4},"b":{},"_coverageSchema":"332fd63041d2c1bcb487cc26dd0d5f7d97098a6c","hash":"c65cf993ced7347f541fbbe94acf296c846d444b"}
,"/Users/marikaross/mod3/cheese-louise/cheese-louise/src/components/CheeseCard.js": {"path":"/Users/marikaross/mod3/cheese-louise/cheese-louise/src/components/CheeseCard.js","statementMap":{"0":{"start":{"line":7,"column":26},"end":{"line":34,"column":1}},"1":{"start":{"line":9,"column":18},"end":{"line":13,"column":3}},"2":{"start":{"line":10,"column":15},"end":{"line":10,"column":23}},"3":{"start":{"line":11,"column":23},"end":{"line":11,"column":39}},"4":{"start":{"line":12,"column":4},"end":{"line":12,"column":37}},"5":{"start":{"line":15,"column":2},"end":{"line":33,"column":5}},"6":{"start":{"line":18,"column":78},"end":{"line":18,"column":87}},"7":{"start":{"line":24,"column":75},"end":{"line":24,"column":84}},"8":{"start":{"line":27,"column":25},"end":{"line":27,"column":51}},"9":{"start":{"line":36,"column":0},"end":{"line":43,"column":1}}},"fnMap":{"0":{"name":"(anonymous_0)","decl":{"start":{"line":7,"column":26},"end":{"line":7,"column":27}},"loc":{"start":{"line":7,"column":37},"end":{"line":34,"column":1}},"line":7},"1":{"name":"(anonymous_1)","decl":{"start":{"line":9,"column":18},"end":{"line":9,"column":19}},"loc":{"start":{"line":9,"column":24},"end":{"line":13,"column":3}},"line":9},"2":{"name":"(anonymous_2)","decl":{"start":{"line":18,"column":72},"end":{"line":18,"column":73}},"loc":{"start":{"line":18,"column":78},"end":{"line":18,"column":87}},"line":18},"3":{"name":"(anonymous_3)","decl":{"start":{"line":24,"column":69},"end":{"line":24,"column":70}},"loc":{"start":{"line":24,"column":75},"end":{"line":24,"column":84}},"line":24},"4":{"name":"(anonymous_4)","decl":{"start":{"line":27,"column":19},"end":{"line":27,"column":20}},"loc":{"start":{"line":27,"column":25},"end":{"line":27,"column":51}},"line":27}},"branchMap":{"0":{"loc":{"start":{"line":19,"column":9},"end":{"line":21,"column":83}},"type":"cond-expr","locations":[{"start":{"line":20,"column":10},"end":{"line":20,"column":151}},{"start":{"line":21,"column":10},"end":{"line":21,"column":83}}],"line":19},"1":{"loc":{"start":{"line":28,"column":11},"end":{"line":28,"column":73}},"type":"cond-expr","locations":[{"start":{"line":28,"column":48},"end":{"line":28,"column":60}},{"start":{"line":28,"column":63},"end":{"line":28,"column":73}}],"line":28}},"s":{"0":4,"1":24,"2":5,"3":5,"4":5,"5":24,"6":5,"7":0,"8":5,"9":4},"f":{"0":24,"1":5,"2":5,"3":0,"4":5},"b":{"0":[24,0],"1":[0,23]},"_coverageSchema":"332fd63041d2c1bcb487cc26dd0d5f7d97098a6c","hash":"15472d585f4accfe3f0f8667b46fead474dddd7e"}
,"/Users/marikaross/mod3/cheese-louise/cheese-louise/src/components/CheeseDetails.js": {"path":"/Users/marikaross/mod3/cheese-louise/cheese-louise/src/components/CheeseDetails.js","statementMap":{"0":{"start":{"line":9,"column":29},"end":{"line":29,"column":1}},"1":{"start":{"line":10,"column":2},"end":{"line":28,"column":5}},"2":{"start":{"line":32,"column":0},"end":{"line":38,"column":1}}},"fnMap":{"0":{"name":"(anonymous_0)","decl":{"start":{"line":9,"column":29},"end":{"line":9,"column":30}},"loc":{"start":{"line":9,"column":83},"end":{"line":29,"column":1}},"line":9}},"branchMap":{"0":{"loc":{"start":{"line":14,"column":13},"end":{"line":16,"column":87}},"type":"cond-expr","locations":[{"start":{"line":15,"column":14},"end":{"line":15,"column":156}},{"start":{"line":16,"column":14},"end":{"line":16,"column":87}}],"line":14}},"s":{"0":2,"1":1,"2":2},"f":{"0":1},"b":{"0":[1,0]},"_coverageSchema":"332fd63041d2c1bcb487cc26dd0d5f7d97098a6c","hash":"75973346415bfbf1f975c9b283c8005637f27e07"}
,"/Users/marikaross/mod3/cheese-louise/cheese-louise/src/containers/App/App.js": {"path":"/Users/marikaross/mod3/cheese-louise/cheese-louise/src/containers/App/App.js","statementMap":{"0":{"start":{"line":18,"column":16},"end":{"line":18,"column":135}},"1":{"start":{"line":19,"column":4},"end":{"line":19,"column":38}},"2":{"start":{"line":24,"column":4},"end":{"line":43,"column":6}},"3":{"start":{"line":31,"column":30},"end":{"line":33,"column":14}},"4":{"start":{"line":32,"column":14},"end":{"line":32,"column":63}},"5":{"start":{"line":34,"column":12},"end":{"line":38,"column":14}},"6":{"start":{"line":47,"column":31},"end":{"line":52,"column":2}},"7":{"start":{"line":47,"column":43},"end":{"line":52,"column":1}},"8":{"start":{"line":54,"column":34},"end":{"line":57,"column":2}},"9":{"start":{"line":54,"column":49},"end":{"line":57,"column":1}},"10":{"start":{"line":55,"column":26},"end":{"line":55,"column":54}},"11":{"start":{"line":56,"column":24},"end":{"line":56,"column":50}},"12":{"start":{"line":60,"column":0},"end":{"line":67,"column":2}}},"fnMap":{"0":{"name":"(anonymous_0)","decl":{"start":{"line":17,"column":2},"end":{"line":17,"column":3}},"loc":{"start":{"line":17,"column":28},"end":{"line":20,"column":3}},"line":17},"1":{"name":"(anonymous_1)","decl":{"start":{"line":23,"column":2},"end":{"line":23,"column":3}},"loc":{"start":{"line":23,"column":11},"end":{"line":44,"column":3}},"line":23},"2":{"name":"(anonymous_2)","decl":{"start":{"line":30,"column":49},"end":{"line":30,"column":50}},"loc":{"start":{"line":30,"column":64},"end":{"line":39,"column":11}},"line":30},"3":{"name":"(anonymous_3)","decl":{"start":{"line":31,"column":54},"end":{"line":31,"column":55}},"loc":{"start":{"line":31,"column":64},"end":{"line":33,"column":13}},"line":31},"4":{"name":"(anonymous_4)","decl":{"start":{"line":47,"column":31},"end":{"line":47,"column":32}},"loc":{"start":{"line":47,"column":43},"end":{"line":52,"column":1}},"line":47},"5":{"name":"(anonymous_5)","decl":{"start":{"line":54,"column":34},"end":{"line":54,"column":35}},"loc":{"start":{"line":54,"column":49},"end":{"line":57,"column":1}},"line":54},"6":{"name":"(anonymous_6)","decl":{"start":{"line":55,"column":13},"end":{"line":55,"column":14}},"loc":{"start":{"line":55,"column":26},"end":{"line":55,"column":54}},"line":55},"7":{"name":"(anonymous_7)","decl":{"start":{"line":56,"column":15},"end":{"line":56,"column":16}},"loc":{"start":{"line":56,"column":24},"end":{"line":56,"column":50}},"line":56}},"branchMap":{},"s":{"0":4,"1":4,"2":4,"3":0,"4":0,"5":0,"6":1,"7":1,"8":1,"9":2,"10":1,"11":1,"12":1},"f":{"0":4,"1":4,"2":0,"3":0,"4":1,"5":2,"6":1,"7":1},"b":{},"_coverageSchema":"332fd63041d2c1bcb487cc26dd0d5f7d97098a6c","hash":"358b998c6817e26faa5b57d35c7fca3b31ebfa34"}
,"/Users/marikaross/mod3/cheese-louise/cheese-louise/src/containers/CheeseContainer/CheeseContainer.js": {"path":"/Users/marikaross/mod3/cheese-louise/cheese-louise/src/containers/CheeseContainer/CheeseContainer.js","statementMap":{"0":{"start":{"line":12,"column":4},"end":{"line":16,"column":5}},"1":{"start":{"line":13,"column":6},"end":{"line":13,"column":34}},"2":{"start":{"line":15,"column":6},"end":{"line":15,"column":35}},"3":{"start":{"line":20,"column":4},"end":{"line":20,"column":70}},"4":{"start":{"line":20,"column":51},"end":{"line":20,"column":68}},"5":{"start":{"line":24,"column":16},"end":{"line":24,"column":111}},"6":{"start":{"line":25,"column":4},"end":{"line":25,"column":43}},"7":{"start":{"line":31,"column":4},"end":{"line":47,"column":7}},"8":{"start":{"line":32,"column":6},"end":{"line":46,"column":8}},"9":{"start":{"line":52,"column":4},"end":{"line":56,"column":7}},"10":{"start":{"line":60,"column":31},"end":{"line":63,"column":2}},"11":{"start":{"line":60,"column":43},"end":{"line":63,"column":1}},"12":{"start":{"line":65,"column":34},"end":{"line":69,"column":2}},"13":{"start":{"line":65,"column":49},"end":{"line":69,"column":1}},"14":{"start":{"line":66,"column":24},"end":{"line":66,"column":50}},"15":{"start":{"line":67,"column":25},"end":{"line":67,"column":52}},"16":{"start":{"line":68,"column":33},"end":{"line":68,"column":68}},"17":{"start":{"line":71,"column":0},"end":{"line":77,"column":2}}},"fnMap":{"0":{"name":"(anonymous_0)","decl":{"start":{"line":11,"column":15},"end":{"line":11,"column":16}},"loc":{"start":{"line":11,"column":23},"end":{"line":17,"column":3}},"line":11},"1":{"name":"(anonymous_1)","decl":{"start":{"line":19,"column":16},"end":{"line":19,"column":17}},"loc":{"start":{"line":19,"column":24},"end":{"line":21,"column":3}},"line":19},"2":{"name":"(anonymous_2)","decl":{"start":{"line":20,"column":37},"end":{"line":20,"column":38}},"loc":{"start":{"line":20,"column":51},"end":{"line":20,"column":68}},"line":20},"3":{"name":"(anonymous_3)","decl":{"start":{"line":23,"column":16},"end":{"line":23,"column":17}},"loc":{"start":{"line":23,"column":42},"end":{"line":26,"column":3}},"line":23},"4":{"name":"(anonymous_4)","decl":{"start":{"line":30,"column":16},"end":{"line":30,"column":17}},"loc":{"start":{"line":30,"column":22},"end":{"line":48,"column":3}},"line":30},"5":{"name":"(anonymous_5)","decl":{"start":{"line":31,"column":34},"end":{"line":31,"column":35}},"loc":{"start":{"line":31,"column":44},"end":{"line":47,"column":5}},"line":31},"6":{"name":"(anonymous_6)","decl":{"start":{"line":50,"column":2},"end":{"line":50,"column":3}},"loc":{"start":{"line":50,"column":11},"end":{"line":57,"column":3}},"line":50},"7":{"name":"(anonymous_7)","decl":{"start":{"line":60,"column":31},"end":{"line":60,"column":32}},"loc":{"start":{"line":60,"column":43},"end":{"line":63,"column":1}},"line":60},"8":{"name":"(anonymous_8)","decl":{"start":{"line":65,"column":34},"end":{"line":65,"column":35}},"loc":{"start":{"line":65,"column":49},"end":{"line":69,"column":1}},"line":65},"9":{"name":"(anonymous_9)","decl":{"start":{"line":66,"column":16},"end":{"line":66,"column":17}},"loc":{"start":{"line":66,"column":24},"end":{"line":66,"column":50}},"line":66},"10":{"name":"(anonymous_10)","decl":{"start":{"line":67,"column":17},"end":{"line":67,"column":18}},"loc":{"start":{"line":67,"column":25},"end":{"line":67,"column":52}},"line":67},"11":{"name":"(anonymous_11)","decl":{"start":{"line":68,"column":16},"end":{"line":68,"column":17}},"loc":{"start":{"line":68,"column":33},"end":{"line":68,"column":68}},"line":68}},"branchMap":{"0":{"loc":{"start":{"line":12,"column":4},"end":{"line":16,"column":5}},"type":"if","locations":[{"start":{"line":12,"column":4},"end":{"line":16,"column":5}},{"start":{"line":12,"column":4},"end":{"line":16,"column":5}}],"line":12}},"s":{"0":2,"1":0,"2":2,"3":5,"4":5,"5":0,"6":0,"7":11,"8":22,"9":11,"10":2,"11":1,"12":2,"13":3,"14":1,"15":1,"16":1,"17":2},"f":{"0":2,"1":5,"2":5,"3":0,"4":11,"5":22,"6":11,"7":1,"8":3,"9":1,"10":1,"11":1},"b":{"0":[0,2]},"_coverageSchema":"332fd63041d2c1bcb487cc26dd0d5f7d97098a6c","hash":"b05a9f538c969182430f38c1eaa9a5e7bdaa4f60"}
,"/Users/marikaross/mod3/cheese-louise/cheese-louise/src/containers/Favorites/Favorites.js": {"path":"/Users/marikaross/mod3/cheese-louise/cheese-louise/src/containers/Favorites/Favorites.js","statementMap":{"0":{"start":{"line":12,"column":4},"end":{"line":16,"column":5}},"1":{"start":{"line":13,"column":6},"end":{"line":13,"column":34}},"2":{"start":{"line":15,"column":6},"end":{"line":15,"column":35}},"3":{"start":{"line":20,"column":4},"end":{"line":20,"column":70}},"4":{"start":{"line":20,"column":51},"end":{"line":20,"column":68}},"5":{"start":{"line":24,"column":22},"end":{"line":26,"column":6}},"6":{"start":{"line":25,"column":6},"end":{"line":25,"column":42}},"7":{"start":{"line":27,"column":4},"end":{"line":27,"column":42}},"8":{"start":{"line":31,"column":16},"end":{"line":31,"column":111}},"9":{"start":{"line":32,"column":4},"end":{"line":32,"column":43}},"10":{"start":{"line":36,"column":4},"end":{"line":51,"column":7}},"11":{"start":{"line":37,"column":6},"end":{"line":50,"column":8}},"12":{"start":{"line":55,"column":4},"end":{"line":59,"column":7}},"13":{"start":{"line":64,"column":31},"end":{"line":67,"column":2}},"14":{"start":{"line":64,"column":43},"end":{"line":67,"column":1}},"15":{"start":{"line":69,"column":34},"end":{"line":73,"column":2}},"16":{"start":{"line":69,"column":49},"end":{"line":73,"column":1}},"17":{"start":{"line":70,"column":24},"end":{"line":70,"column":50}},"18":{"start":{"line":71,"column":25},"end":{"line":71,"column":52}},"19":{"start":{"line":72,"column":33},"end":{"line":72,"column":68}},"20":{"start":{"line":75,"column":0},"end":{"line":85,"column":2}}},"fnMap":{"0":{"name":"(anonymous_0)","decl":{"start":{"line":11,"column":15},"end":{"line":11,"column":16}},"loc":{"start":{"line":11,"column":23},"end":{"line":17,"column":3}},"line":11},"1":{"name":"(anonymous_1)","decl":{"start":{"line":19,"column":16},"end":{"line":19,"column":17}},"loc":{"start":{"line":19,"column":24},"end":{"line":21,"column":3}},"line":19},"2":{"name":"(anonymous_2)","decl":{"start":{"line":20,"column":37},"end":{"line":20,"column":38}},"loc":{"start":{"line":20,"column":51},"end":{"line":20,"column":68}},"line":20},"3":{"name":"(anonymous_3)","decl":{"start":{"line":23,"column":44},"end":{"line":23,"column":45}},"loc":{"start":{"line":23,"column":71},"end":{"line":28,"column":3}},"line":23},"4":{"name":"(anonymous_4)","decl":{"start":{"line":24,"column":48},"end":{"line":24,"column":49}},"loc":{"start":{"line":24,"column":58},"end":{"line":26,"column":5}},"line":24},"5":{"name":"(anonymous_5)","decl":{"start":{"line":30,"column":16},"end":{"line":30,"column":17}},"loc":{"start":{"line":30,"column":42},"end":{"line":33,"column":3}},"line":30},"6":{"name":"(anonymous_6)","decl":{"start":{"line":35,"column":16},"end":{"line":35,"column":17}},"loc":{"start":{"line":35,"column":22},"end":{"line":52,"column":3}},"line":35},"7":{"name":"(anonymous_7)","decl":{"start":{"line":36,"column":32},"end":{"line":36,"column":33}},"loc":{"start":{"line":36,"column":42},"end":{"line":51,"column":5}},"line":36},"8":{"name":"(anonymous_8)","decl":{"start":{"line":54,"column":2},"end":{"line":54,"column":3}},"loc":{"start":{"line":54,"column":11},"end":{"line":60,"column":3}},"line":54},"9":{"name":"(anonymous_9)","decl":{"start":{"line":64,"column":31},"end":{"line":64,"column":32}},"loc":{"start":{"line":64,"column":43},"end":{"line":67,"column":1}},"line":64},"10":{"name":"(anonymous_10)","decl":{"start":{"line":69,"column":34},"end":{"line":69,"column":35}},"loc":{"start":{"line":69,"column":49},"end":{"line":73,"column":1}},"line":69},"11":{"name":"(anonymous_11)","decl":{"start":{"line":70,"column":16},"end":{"line":70,"column":17}},"loc":{"start":{"line":70,"column":24},"end":{"line":70,"column":50}},"line":70},"12":{"name":"(anonymous_12)","decl":{"start":{"line":71,"column":17},"end":{"line":71,"column":18}},"loc":{"start":{"line":71,"column":25},"end":{"line":71,"column":52}},"line":71},"13":{"name":"(anonymous_13)","decl":{"start":{"line":72,"column":16},"end":{"line":72,"column":17}},"loc":{"start":{"line":72,"column":33},"end":{"line":72,"column":68}},"line":72}},"branchMap":{"0":{"loc":{"start":{"line":12,"column":4},"end":{"line":16,"column":5}},"type":"if","locations":[{"start":{"line":12,"column":4},"end":{"line":16,"column":5}},{"start":{"line":12,"column":4},"end":{"line":16,"column":5}}],"line":12}},"s":{"0":0,"1":0,"2":0,"3":0,"4":0,"5":9,"6":18,"7":9,"8":0,"9":0,"10":9,"11":0,"12":9,"13":2,"14":1,"15":2,"16":3,"17":1,"18":1,"19":1,"20":2},"f":{"0":0,"1":0,"2":0,"3":9,"4":18,"5":0,"6":9,"7":0,"8":9,"9":1,"10":3,"11":1,"12":1,"13":1},"b":{"0":[0,0]},"_coverageSchema":"332fd63041d2c1bcb487cc26dd0d5f7d97098a6c","hash":"cc7e790160e91287b5dedbd250bccf67e438e084"}
,"/Users/marikaross/mod3/cheese-louise/cheese-louise/src/containers/Header/Header.js": {"path":"/Users/marikaross/mod3/cheese-louise/cheese-louise/src/containers/Header/Header.js","statementMap":{"0":{"start":{"line":5,"column":22},"end":{"line":17,"column":1}},"1":{"start":{"line":7,"column":2},"end":{"line":16,"column":4}}},"fnMap":{"0":{"name":"(anonymous_0)","decl":{"start":{"line":5,"column":22},"end":{"line":5,"column":23}},"loc":{"start":{"line":5,"column":28},"end":{"line":17,"column":1}},"line":5}},"branchMap":{},"s":{"0":2,"1":1},"f":{"0":1},"b":{},"_coverageSchema":"332fd63041d2c1bcb487cc26dd0d5f7d97098a6c","hash":"8fd25c8942ab426f72e9af3123eb61613590b39a"}
,"/Users/marikaross/mod3/cheese-louise/cheese-louise/src/helper/cheese-cleaner.js": {"path":"/Users/marikaross/mod3/cheese-louise/cheese-louise/src/helper/cheese-cleaner.js","statementMap":{"0":{"start":{"line":1,"column":29},"end":{"line":17,"column":1}},"1":{"start":{"line":2,"column":2},"end":{"line":16,"column":5}},"2":{"start":{"line":4,"column":4},"end":{"line":8,"column":5}},"3":{"start":{"line":5,"column":6},"end":{"line":5,"column":38}},"4":{"start":{"line":7,"column":6},"end":{"line":7,"column":18}},"5":{"start":{"line":9,"column":4},"end":{"line":15,"column":11}},"6":{"start":{"line":19,"column":30},"end":{"line":21,"column":1}},"7":{"start":{"line":20,"column":2},"end":{"line":20,"column":26}}},"fnMap":{"0":{"name":"(anonymous_0)","decl":{"start":{"line":1,"column":29},"end":{"line":1,"column":30}},"loc":{"start":{"line":1,"column":45},"end":{"line":17,"column":1}},"line":1},"1":{"name":"(anonymous_1)","decl":{"start":{"line":2,"column":32},"end":{"line":2,"column":33}},"loc":{"start":{"line":2,"column":42},"end":{"line":16,"column":3}},"line":2},"2":{"name":"(anonymous_2)","decl":{"start":{"line":19,"column":30},"end":{"line":19,"column":31}},"loc":{"start":{"line":19,"column":47},"end":{"line":21,"column":1}},"line":19}},"branchMap":{"0":{"loc":{"start":{"line":4,"column":4},"end":{"line":8,"column":5}},"type":"if","locations":[{"start":{"line":4,"column":4},"end":{"line":8,"column":5}},{"start":{"line":4,"column":4},"end":{"line":8,"column":5}}],"line":4}},"s":{"0":5,"1":2,"2":3,"3":1,"4":2,"5":3,"6":5,"7":2},"f":{"0":2,"1":3,"2":2},"b":{"0":[1,2]},"_coverageSchema":"332fd63041d2c1bcb487cc26dd0d5f7d97098a6c","hash":"b1f4c8d286f101df8f08989c20453e52a6c0dc66"}
,"/Users/marikaross/mod3/cheese-louise/cheese-louise/src/helper/mockData.js": {"path":"/Users/marikaross/mod3/cheese-louise/cheese-louise/src/helper/mockData.js","statementMap":{"0":{"start":{"line":1,"column":30},"end":{"line":82,"column":1}},"1":{"start":{"line":84,"column":31},"end":{"line":95,"column":1}},"2":{"start":{"line":97,"column":32},"end":{"line":142,"column":1}}},"fnMap":{},"branchMap":{},"s":{"0":2,"1":2,"2":2},"f":{},"b":{},"_coverageSchema":"332fd63041d2c1bcb487cc26dd0d5f7d97098a6c","hash":"45d4bbca13927bab2eee0367ceeff610b2f3fc7b"}
,"/Users/marikaross/mod3/cheese-louise/cheese-louise/src/reducers/cheeseReducer.js": {"path":"/Users/marikaross/mod3/cheese-louise/cheese-louise/src/reducers/cheeseReducer.js","statementMap":{"0":{"start":{"line":1,"column":25},"end":{"line":7,"column":1}},"1":{"start":{"line":2,"column":2},"end":{"line":6,"column":3}},"2":{"start":{"line":4,"column":6},"end":{"line":4,"column":29}},"3":{"start":{"line":5,"column":13},"end":{"line":5,"column":25}},"4":{"start":{"line":9,"column":26},"end":{"line":16,"column":1}},"5":{"start":{"line":10,"column":2},"end":{"line":15,"column":3}},"6":{"start":{"line":12,"column":6},"end":{"line":12,"column":30}},"7":{"start":{"line":14,"column":4},"end":{"line":14,"column":16}},"8":{"start":{"line":19,"column":29},"end":{"line":38,"column":1}},"9":{"start":{"line":20,"column":2},"end":{"line":37,"column":3}},"10":{"start":{"line":22,"column":6},"end":{"line":22,"column":42}},"11":{"start":{"line":24,"column":6},"end":{"line":24,"column":27}},"12":{"start":{"line":26,"column":25},"end":{"line":33,"column":6}},"13":{"start":{"line":27,"column":7},"end":{"line":32,"column":8}},"14":{"start":{"line":28,"column":8},"end":{"line":28,"column":51}},"15":{"start":{"line":31,"column":8},"end":{"line":31,"column":21}},"16":{"start":{"line":34,"column":6},"end":{"line":34,"column":23}},"17":{"start":{"line":36,"column":6},"end":{"line":36,"column":18}}},"fnMap":{"0":{"name":"(anonymous_0)","decl":{"start":{"line":1,"column":25},"end":{"line":1,"column":26}},"loc":{"start":{"line":1,"column":52},"end":{"line":7,"column":1}},"line":1},"1":{"name":"(anonymous_1)","decl":{"start":{"line":9,"column":26},"end":{"line":9,"column":27}},"loc":{"start":{"line":9,"column":53},"end":{"line":16,"column":1}},"line":9},"2":{"name":"(anonymous_2)","decl":{"start":{"line":19,"column":29},"end":{"line":19,"column":30}},"loc":{"start":{"line":19,"column":53},"end":{"line":38,"column":1}},"line":19},"3":{"name":"(anonymous_3)","decl":{"start":{"line":26,"column":35},"end":{"line":26,"column":36}},"loc":{"start":{"line":26,"column":45},"end":{"line":33,"column":5}},"line":26}},"branchMap":{"0":{"loc":{"start":{"line":1,"column":26},"end":{"line":1,"column":39}},"type":"default-arg","locations":[{"start":{"line":1,"column":34},"end":{"line":1,"column":39}}],"line":1},"1":{"loc":{"start":{"line":2,"column":2},"end":{"line":6,"column":3}},"type":"switch","locations":[{"start":{"line":3,"column":4},"end":{"line":4,"column":29}},{"start":{"line":5,"column":4},"end":{"line":5,"column":25}}],"line":2},"2":{"loc":{"start":{"line":9,"column":27},"end":{"line":9,"column":40}},"type":"default-arg","locations":[{"start":{"line":9,"column":35},"end":{"line":9,"column":40}}],"line":9},"3":{"loc":{"start":{"line":10,"column":2},"end":{"line":15,"column":3}},"type":"switch","locations":[{"start":{"line":11,"column":4},"end":{"line":12,"column":30}},{"start":{"line":13,"column":4},"end":{"line":14,"column":16}}],"line":10},"4":{"loc":{"start":{"line":19,"column":30},"end":{"line":19,"column":40}},"type":"default-arg","locations":[{"start":{"line":19,"column":38},"end":{"line":19,"column":40}}],"line":19},"5":{"loc":{"start":{"line":20,"column":2},"end":{"line":37,"column":3}},"type":"switch","locations":[{"start":{"line":21,"column":4},"end":{"line":22,"column":42}},{"start":{"line":23,"column":4},"end":{"line":24,"column":27}},{"start":{"line":25,"column":4},"end":{"line":34,"column":23}},{"start":{"line":35,"column":4},"end":{"line":36,"column":18}}],"line":20},"6":{"loc":{"start":{"line":27,"column":7},"end":{"line":32,"column":8}},"type":"if","locations":[{"start":{"line":27,"column":7},"end":{"line":32,"column":8}},{"start":{"line":27,"column":7},"end":{"line":32,"column":8}}],"line":27}},"s":{"0":1,"1":1,"2":0,"3":1,"4":1,"5":1,"6":0,"7":1,"8":1,"9":4,"10":1,"11":1,"12":1,"13":1,"14":0,"15":1,"16":1,"17":1},"f":{"0":1,"1":1,"2":4,"3":1},"b":{"0":[0],"1":[0,1],"2":[0],"3":[0,1],"4":[0],"5":[1,1,1,1],"6":[0,1]},"_coverageSchema":"332fd63041d2c1bcb487cc26dd0d5f7d97098a6c","hash":"64003c8be489a550c23b720f2194fb2c60261a42"}
,"/Users/marikaross/mod3/cheese-louise/cheese-louise/src/reducers/favesReducer.js": {"path":"/Users/marikaross/mod3/cheese-louise/cheese-louise/src/reducers/favesReducer.js","statementMap":{"0":{"start":{"line":1,"column":28},"end":{"line":11,"column":1}},"1":{"start":{"line":2,"column":2},"end":{"line":10,"column":3}},"2":{"start":{"line":4,"column":6},"end":{"line":4,"column":34}},"3":{"start":{"line":6,"column":24},"end":{"line":6,"column":68}},"4":{"start":{"line":6,"column":47},"end":{"line":6,"column":67}},"5":{"start":{"line":7,"column":6},"end":{"line":7,"column":22}},"6":{"start":{"line":9,"column":6},"end":{"line":9,"column":18}}},"fnMap":{"0":{"name":"(anonymous_0)","decl":{"start":{"line":1,"column":28},"end":{"line":1,"column":29}},"loc":{"start":{"line":1,"column":52},"end":{"line":11,"column":1}},"line":1},"1":{"name":"(anonymous_1)","decl":{"start":{"line":6,"column":37},"end":{"line":6,"column":38}},"loc":{"start":{"line":6,"column":47},"end":{"line":6,"column":67}},"line":6}},"branchMap":{"0":{"loc":{"start":{"line":1,"column":29},"end":{"line":1,"column":39}},"type":"default-arg","locations":[{"start":{"line":1,"column":37},"end":{"line":1,"column":39}}],"line":1},"1":{"loc":{"start":{"line":2,"column":2},"end":{"line":10,"column":3}},"type":"switch","locations":[{"start":{"line":3,"column":4},"end":{"line":4,"column":34}},{"start":{"line":5,"column":4},"end":{"line":7,"column":22}},{"start":{"line":8,"column":4},"end":{"line":9,"column":18}}],"line":2}},"s":{"0":1,"1":3,"2":1,"3":1,"4":2,"5":1,"6":1},"f":{"0":3,"1":2},"b":{"0":[0],"1":[1,1,1]},"_coverageSchema":"332fd63041d2c1bcb487cc26dd0d5f7d97098a6c","hash":"bdb3769576f2fdda461b8032200a6a1ce982a323"}
,"/Users/marikaross/mod3/cheese-louise/cheese-louise/src/thunks/fetchCheese.js": {"path":"/Users/marikaross/mod3/cheese-louise/cheese-louise/src/thunks/fetchCheese.js","statementMap":{"0":{"start":{"line":4,"column":27},"end":{"line":21,"column":1}},"1":{"start":{"line":5,"column":2},"end":{"line":19,"column":3}},"2":{"start":{"line":6,"column":4},"end":{"line":18,"column":7}},"3":{"start":{"line":7,"column":6},"end":{"line":7,"column":31}},"4":{"start":{"line":8,"column":23},"end":{"line":8,"column":39}},"5":{"start":{"line":9,"column":8},"end":{"line":11,"column":9}},"6":{"start":{"line":10,"column":10},"end":{"line":10,"column":43}},"7":{"start":{"line":12,"column":8},"end":{"line":12,"column":34}},"8":{"start":{"line":13,"column":23},"end":{"line":13,"column":44}},"9":{"start":{"line":14,"column":29},"end":{"line":14,"column":50}},"10":{"start":{"line":15,"column":8},"end":{"line":15,"column":54}},"11":{"start":{"line":17,"column":8},"end":{"line":17,"column":34}}},"fnMap":{"0":{"name":"(anonymous_0)","decl":{"start":{"line":4,"column":27},"end":{"line":4,"column":28}},"loc":{"start":{"line":4,"column":36},"end":{"line":21,"column":1}},"line":4},"1":{"name":"(anonymous_1)","decl":{"start":{"line":5,"column":9},"end":{"line":5,"column":10}},"loc":{"start":{"line":5,"column":29},"end":{"line":19,"column":3}},"line":5}},"branchMap":{"0":{"loc":{"start":{"line":9,"column":8},"end":{"line":11,"column":9}},"type":"if","locations":[{"start":{"line":9,"column":8},"end":{"line":11,"column":9}},{"start":{"line":9,"column":8},"end":{"line":11,"column":9}}],"line":9}},"s":{"0":1,"1":4,"2":4,"3":4,"4":4,"5":3,"6":1,"7":2,"8":2,"9":1,"10":1,"11":3},"f":{"0":4,"1":4},"b":{"0":[1,2]},"_coverageSchema":"332fd63041d2c1bcb487cc26dd0d5f7d97098a6c","hash":"26ce6f263a545da0d50ffcc7d62324e5b3af371e"}
,"/Users/marikaross/mod3/cheese-louise/cheese-louise/src/thunks/fetchSummary.js": {"path":"/Users/marikaross/mod3/cheese-louise/cheese-louise/src/thunks/fetchSummary.js","statementMap":{"0":{"start":{"line":4,"column":28},"end":{"line":21,"column":1}},"1":{"start":{"line":5,"column":2},"end":{"line":19,"column":5}},"2":{"start":{"line":6,"column":4},"end":{"line":18,"column":7}},"3":{"start":{"line":7,"column":6},"end":{"line":7,"column":31}},"4":{"start":{"line":8,"column":23},"end":{"line":8,"column":39}},"5":{"start":{"line":9,"column":8},"end":{"line":11,"column":9}},"6":{"start":{"line":10,"column":10},"end":{"line":10,"column":43}},"7":{"start":{"line":12,"column":8},"end":{"line":12,"column":34}},"8":{"start":{"line":13,"column":23},"end":{"line":13,"column":44}},"9":{"start":{"line":14,"column":29},"end":{"line":14,"column":51}},"10":{"start":{"line":15,"column":8},"end":{"line":15,"column":59}},"11":{"start":{"line":17,"column":8},"end":{"line":17,"column":35}}},"fnMap":{"0":{"name":"(anonymous_0)","decl":{"start":{"line":4,"column":28},"end":{"line":4,"column":29}},"loc":{"start":{"line":4,"column":41},"end":{"line":21,"column":1}},"line":4},"1":{"name":"(anonymous_1)","decl":{"start":{"line":5,"column":9},"end":{"line":5,"column":10}},"loc":{"start":{"line":5,"column":29},"end":{"line":19,"column":5}},"line":5}},"branchMap":{"0":{"loc":{"start":{"line":9,"column":8},"end":{"line":11,"column":9}},"type":"if","locations":[{"start":{"line":9,"column":8},"end":{"line":11,"column":9}},{"start":{"line":9,"column":8},"end":{"line":11,"column":9}}],"line":9}},"s":{"0":3,"1":6,"2":4,"3":4,"4":4,"5":3,"6":1,"7":2,"8":2,"9":1,"10":1,"11":3},"f":{"0":6,"1":4},"b":{"0":[1,2]},"_coverageSchema":"332fd63041d2c1bcb487cc26dd0d5f7d97098a6c","hash":"ffa0dd8760946bc36be543b792b4ec7348480c24"}
}
