{"/Users/marikaross/mod3/cheese-louise/cheese-louise/src/actions/index.js": {"path":"/Users/marikaross/mod3/cheese-louise/cheese-louise/src/actions/index.js","statementMap":{"0":{"start":{"line":1,"column":25},"end":{"line":4,"column":2}},"1":{"start":{"line":1,"column":39},"end":{"line":4,"column":1}},"2":{"start":{"line":6,"column":32},"end":{"line":9,"column":2}},"3":{"start":{"line":6,"column":47},"end":{"line":9,"column":1}},"4":{"start":{"line":11,"column":29},"end":{"line":14,"column":2}},"5":{"start":{"line":11,"column":38},"end":{"line":14,"column":1}},"6":{"start":{"line":16,"column":28},"end":{"line":19,"column":2}},"7":{"start":{"line":16,"column":37},"end":{"line":19,"column":1}},"8":{"start":{"line":21,"column":25},"end":{"line":24,"column":2}},"9":{"start":{"line":21,"column":36},"end":{"line":24,"column":1}},"10":{"start":{"line":26,"column":26},"end":{"line":29,"column":2}},"11":{"start":{"line":26,"column":37},"end":{"line":29,"column":1}},"12":{"start":{"line":31,"column":38},"end":{"line":34,"column":2}},"13":{"start":{"line":31,"column":52},"end":{"line":34,"column":1}},"14":{"start":{"line":36,"column":39},"end":{"line":40,"column":2}},"15":{"start":{"line":36,"column":57},"end":{"line":40,"column":1}}},"fnMap":{"0":{"name":"(anonymous_0)","decl":{"start":{"line":1,"column":25},"end":{"line":1,"column":26}},"loc":{"start":{"line":1,"column":39},"end":{"line":4,"column":1}},"line":1},"1":{"name":"(anonymous_1)","decl":{"start":{"line":6,"column":32},"end":{"line":6,"column":33}},"loc":{"start":{"line":6,"column":47},"end":{"line":9,"column":1}},"line":6},"2":{"name":"(anonymous_2)","decl":{"start":{"line":11,"column":29},"end":{"line":11,"column":30}},"loc":{"start":{"line":11,"column":38},"end":{"line":14,"column":1}},"line":11},"3":{"name":"(anonymous_3)","decl":{"start":{"line":16,"column":28},"end":{"line":16,"column":29}},"loc":{"start":{"line":16,"column":37},"end":{"line":19,"column":1}},"line":16},"4":{"name":"(anonymous_4)","decl":{"start":{"line":21,"column":25},"end":{"line":21,"column":26}},"loc":{"start":{"line":21,"column":36},"end":{"line":24,"column":1}},"line":21},"5":{"name":"(anonymous_5)","decl":{"start":{"line":26,"column":26},"end":{"line":26,"column":27}},"loc":{"start":{"line":26,"column":37},"end":{"line":29,"column":1}},"line":26},"6":{"name":"(anonymous_6)","decl":{"start":{"line":31,"column":38},"end":{"line":31,"column":39}},"loc":{"start":{"line":31,"column":52},"end":{"line":34,"column":1}},"line":31},"7":{"name":"(anonymous_7)","decl":{"start":{"line":36,"column":39},"end":{"line":36,"column":40}},"loc":{"start":{"line":36,"column":57},"end":{"line":40,"column":1}},"line":36}},"branchMap":{},"s":{"0":10,"1":4,"2":10,"3":1,"4":10,"5":6,"6":10,"7":6,"8":10,"9":19,"10":10,"11":9,"12":10,"13":4,"14":10,"15":4},"f":{"0":4,"1":1,"2":6,"3":6,"4":19,"5":9,"6":4,"7":4},"b":{},"_coverageSchema":"332fd63041d2c1bcb487cc26dd0d5f7d97098a6c","hash":"c65cf993ced7347f541fbbe94acf296c846d444b"}
,"/Users/marikaross/mod3/cheese-louise/cheese-louise/src/components/CheeseCard.js": {"path":"/Users/marikaross/mod3/cheese-louise/cheese-louise/src/components/CheeseCard.js","statementMap":{"0":{"start":{"line":9,"column":26},"end":{"line":35,"column":1}},"1":{"start":{"line":10,"column":18},"end":{"line":14,"column":3}},"2":{"start":{"line":11,"column":15},"end":{"line":11,"column":23}},"3":{"start":{"line":12,"column":23},"end":{"line":12,"column":39}},"4":{"start":{"line":13,"column":4},"end":{"line":13,"column":37}},"5":{"start":{"line":16,"column":2},"end":{"line":34,"column":5}},"6":{"start":{"line":19,"column":73},"end":{"line":19,"column":82}},"7":{"start":{"line":25,"column":75},"end":{"line":25,"column":84}},"8":{"start":{"line":28,"column":25},"end":{"line":28,"column":51}},"9":{"start":{"line":37,"column":0},"end":{"line":44,"column":1}}},"fnMap":{"0":{"name":"(anonymous_0)","decl":{"start":{"line":9,"column":26},"end":{"line":9,"column":27}},"loc":{"start":{"line":9,"column":37},"end":{"line":35,"column":1}},"line":9},"1":{"name":"(anonymous_1)","decl":{"start":{"line":10,"column":18},"end":{"line":10,"column":19}},"loc":{"start":{"line":10,"column":24},"end":{"line":14,"column":3}},"line":10},"2":{"name":"(anonymous_2)","decl":{"start":{"line":19,"column":67},"end":{"line":19,"column":68}},"loc":{"start":{"line":19,"column":73},"end":{"line":19,"column":82}},"line":19},"3":{"name":"(anonymous_3)","decl":{"start":{"line":25,"column":69},"end":{"line":25,"column":70}},"loc":{"start":{"line":25,"column":75},"end":{"line":25,"column":84}},"line":25},"4":{"name":"(anonymous_4)","decl":{"start":{"line":28,"column":19},"end":{"line":28,"column":20}},"loc":{"start":{"line":28,"column":25},"end":{"line":28,"column":51}},"line":28}},"branchMap":{"0":{"loc":{"start":{"line":20,"column":9},"end":{"line":22,"column":58}},"type":"cond-expr","locations":[{"start":{"line":21,"column":10},"end":{"line":21,"column":138}},{"start":{"line":22,"column":10},"end":{"line":22,"column":58}}],"line":20},"1":{"loc":{"start":{"line":29,"column":11},"end":{"line":29,"column":73}},"type":"cond-expr","locations":[{"start":{"line":29,"column":48},"end":{"line":29,"column":60}},{"start":{"line":29,"column":63},"end":{"line":29,"column":73}}],"line":29}},"s":{"0":4,"1":8,"2":0,"3":0,"4":0,"5":8,"6":0,"7":0,"8":5,"9":4},"f":{"0":8,"1":0,"2":0,"3":0,"4":5},"b":{"0":[8,0],"1":[0,7]},"_coverageSchema":"332fd63041d2c1bcb487cc26dd0d5f7d97098a6c","hash":"70bdd9339ecdbb6796abde8bd1f0fbc46d8f63e4"}
,"/Users/marikaross/mod3/cheese-louise/cheese-louise/src/components/CheeseDetails.js": {"path":"/Users/marikaross/mod3/cheese-louise/cheese-louise/src/components/CheeseDetails.js","statementMap":{"0":{"start":{"line":9,"column":29},"end":{"line":29,"column":1}},"1":{"start":{"line":10,"column":2},"end":{"line":28,"column":5}},"2":{"start":{"line":32,"column":0},"end":{"line":38,"column":1}}},"fnMap":{"0":{"name":"(anonymous_0)","decl":{"start":{"line":9,"column":29},"end":{"line":9,"column":30}},"loc":{"start":{"line":9,"column":83},"end":{"line":29,"column":1}},"line":9}},"branchMap":{"0":{"loc":{"start":{"line":14,"column":13},"end":{"line":16,"column":62}},"type":"cond-expr","locations":[{"start":{"line":15,"column":14},"end":{"line":15,"column":143}},{"start":{"line":16,"column":14},"end":{"line":16,"column":62}}],"line":14}},"s":{"0":2,"1":1,"2":2},"f":{"0":1},"b":{"0":[1,0]},"_coverageSchema":"332fd63041d2c1bcb487cc26dd0d5f7d97098a6c","hash":"407ac036b713266a9f2cbc3001093c88de0eaa01"}
,"/Users/marikaross/mod3/cheese-louise/cheese-louise/src/containers/App/App.js": {"path":"/Users/marikaross/mod3/cheese-louise/cheese-louise/src/containers/App/App.js","statementMap":{"0":{"start":{"line":18,"column":16},"end":{"line":18,"column":134}},"1":{"start":{"line":19,"column":4},"end":{"line":19,"column":37}},"2":{"start":{"line":24,"column":4},"end":{"line":43,"column":6}},"3":{"start":{"line":31,"column":30},"end":{"line":33,"column":14}},"4":{"start":{"line":32,"column":14},"end":{"line":32,"column":62}},"5":{"start":{"line":34,"column":12},"end":{"line":38,"column":15}},"6":{"start":{"line":47,"column":31},"end":{"line":52,"column":2}},"7":{"start":{"line":47,"column":43},"end":{"line":52,"column":1}},"8":{"start":{"line":54,"column":34},"end":{"line":57,"column":2}},"9":{"start":{"line":54,"column":49},"end":{"line":57,"column":1}},"10":{"start":{"line":55,"column":26},"end":{"line":55,"column":54}},"11":{"start":{"line":56,"column":24},"end":{"line":56,"column":50}},"12":{"start":{"line":60,"column":0},"end":{"line":67,"column":1}}},"fnMap":{"0":{"name":"(anonymous_0)","decl":{"start":{"line":17,"column":3},"end":{"line":17,"column":4}},"loc":{"start":{"line":17,"column":29},"end":{"line":20,"column":3}},"line":17},"1":{"name":"(anonymous_1)","decl":{"start":{"line":23,"column":2},"end":{"line":23,"column":3}},"loc":{"start":{"line":23,"column":11},"end":{"line":44,"column":3}},"line":23},"2":{"name":"(anonymous_2)","decl":{"start":{"line":30,"column":49},"end":{"line":30,"column":50}},"loc":{"start":{"line":30,"column":64},"end":{"line":39,"column":11}},"line":30},"3":{"name":"(anonymous_3)","decl":{"start":{"line":31,"column":54},"end":{"line":31,"column":55}},"loc":{"start":{"line":31,"column":64},"end":{"line":33,"column":13}},"line":31},"4":{"name":"(anonymous_4)","decl":{"start":{"line":47,"column":31},"end":{"line":47,"column":32}},"loc":{"start":{"line":47,"column":43},"end":{"line":52,"column":1}},"line":47},"5":{"name":"(anonymous_5)","decl":{"start":{"line":54,"column":34},"end":{"line":54,"column":35}},"loc":{"start":{"line":54,"column":49},"end":{"line":57,"column":1}},"line":54},"6":{"name":"(anonymous_6)","decl":{"start":{"line":55,"column":13},"end":{"line":55,"column":14}},"loc":{"start":{"line":55,"column":26},"end":{"line":55,"column":54}},"line":55},"7":{"name":"(anonymous_7)","decl":{"start":{"line":56,"column":15},"end":{"line":56,"column":16}},"loc":{"start":{"line":56,"column":24},"end":{"line":56,"column":50}},"line":56}},"branchMap":{},"s":{"0":4,"1":4,"2":4,"3":0,"4":0,"5":0,"6":1,"7":1,"8":1,"9":2,"10":1,"11":1,"12":1},"f":{"0":4,"1":4,"2":0,"3":0,"4":1,"5":2,"6":1,"7":1},"b":{},"_coverageSchema":"332fd63041d2c1bcb487cc26dd0d5f7d97098a6c","hash":"b95819f326836d340ff4213696ac981c0faea4a6"}
,"/Users/marikaross/mod3/cheese-louise/cheese-louise/src/containers/CheeseContainer/CheeseContainer.js": {"path":"/Users/marikaross/mod3/cheese-louise/cheese-louise/src/containers/CheeseContainer/CheeseContainer.js","statementMap":{"0":{"start":{"line":13,"column":4},"end":{"line":17,"column":5}},"1":{"start":{"line":14,"column":6},"end":{"line":14,"column":33}},"2":{"start":{"line":16,"column":6},"end":{"line":16,"column":34}},"3":{"start":{"line":21,"column":4},"end":{"line":21,"column":69}},"4":{"start":{"line":21,"column":51},"end":{"line":21,"column":68}},"5":{"start":{"line":25,"column":16},"end":{"line":25,"column":111}},"6":{"start":{"line":26,"column":4},"end":{"line":26,"column":42}},"7":{"start":{"line":31,"column":23},"end":{"line":47,"column":4}},"8":{"start":{"line":32,"column":4},"end":{"line":46,"column":8}},"9":{"start":{"line":52,"column":4},"end":{"line":56,"column":7}},"10":{"start":{"line":60,"column":31},"end":{"line":63,"column":2}},"11":{"start":{"line":60,"column":43},"end":{"line":63,"column":1}},"12":{"start":{"line":65,"column":34},"end":{"line":69,"column":2}},"13":{"start":{"line":65,"column":49},"end":{"line":69,"column":1}},"14":{"start":{"line":66,"column":24},"end":{"line":66,"column":50}},"15":{"start":{"line":67,"column":25},"end":{"line":67,"column":52}},"16":{"start":{"line":68,"column":33},"end":{"line":68,"column":68}},"17":{"start":{"line":71,"column":0},"end":{"line":77,"column":2}}},"fnMap":{"0":{"name":"(anonymous_0)","decl":{"start":{"line":12,"column":15},"end":{"line":12,"column":16}},"loc":{"start":{"line":12,"column":23},"end":{"line":18,"column":3}},"line":12},"1":{"name":"(anonymous_1)","decl":{"start":{"line":20,"column":16},"end":{"line":20,"column":17}},"loc":{"start":{"line":20,"column":24},"end":{"line":22,"column":3}},"line":20},"2":{"name":"(anonymous_2)","decl":{"start":{"line":21,"column":37},"end":{"line":21,"column":38}},"loc":{"start":{"line":21,"column":51},"end":{"line":21,"column":68}},"line":21},"3":{"name":"(anonymous_3)","decl":{"start":{"line":24,"column":16},"end":{"line":24,"column":17}},"loc":{"start":{"line":24,"column":42},"end":{"line":27,"column":3}},"line":24},"4":{"name":"(anonymous_4)","decl":{"start":{"line":31,"column":16},"end":{"line":31,"column":17}},"loc":{"start":{"line":31,"column":22},"end":{"line":48,"column":1}},"line":31},"5":{"name":"(anonymous_5)","decl":{"start":{"line":31,"column":53},"end":{"line":31,"column":54}},"loc":{"start":{"line":31,"column":63},"end":{"line":47,"column":3}},"line":31},"6":{"name":"(anonymous_6)","decl":{"start":{"line":50,"column":2},"end":{"line":50,"column":3}},"loc":{"start":{"line":50,"column":11},"end":{"line":57,"column":3}},"line":50},"7":{"name":"(anonymous_7)","decl":{"start":{"line":60,"column":31},"end":{"line":60,"column":32}},"loc":{"start":{"line":60,"column":43},"end":{"line":63,"column":1}},"line":60},"8":{"name":"(anonymous_8)","decl":{"start":{"line":65,"column":34},"end":{"line":65,"column":35}},"loc":{"start":{"line":65,"column":49},"end":{"line":69,"column":1}},"line":65},"9":{"name":"(anonymous_9)","decl":{"start":{"line":66,"column":16},"end":{"line":66,"column":17}},"loc":{"start":{"line":66,"column":24},"end":{"line":66,"column":50}},"line":66},"10":{"name":"(anonymous_10)","decl":{"start":{"line":67,"column":17},"end":{"line":67,"column":18}},"loc":{"start":{"line":67,"column":25},"end":{"line":67,"column":52}},"line":67},"11":{"name":"(anonymous_11)","decl":{"start":{"line":68,"column":16},"end":{"line":68,"column":17}},"loc":{"start":{"line":68,"column":33},"end":{"line":68,"column":68}},"line":68}},"branchMap":{"0":{"loc":{"start":{"line":13,"column":4},"end":{"line":17,"column":5}},"type":"if","locations":[{"start":{"line":13,"column":4},"end":{"line":17,"column":5}},{"start":{"line":13,"column":4},"end":{"line":17,"column":5}}],"line":13}},"s":{"0":2,"1":0,"2":2,"3":5,"4":5,"5":0,"6":0,"7":9,"8":18,"9":9,"10":2,"11":1,"12":2,"13":3,"14":1,"15":1,"16":1,"17":2},"f":{"0":2,"1":5,"2":5,"3":0,"4":9,"5":18,"6":9,"7":1,"8":3,"9":1,"10":1,"11":1},"b":{"0":[0,2]},"_coverageSchema":"332fd63041d2c1bcb487cc26dd0d5f7d97098a6c","hash":"036f4f06d18d761142ad3d8b18ed9c8c10bfd851"}
,"/Users/marikaross/mod3/cheese-louise/cheese-louise/src/containers/Favorites/Favorites.js": {"path":"/Users/marikaross/mod3/cheese-louise/cheese-louise/src/containers/Favorites/Favorites.js","statementMap":{"0":{"start":{"line":11,"column":4},"end":{"line":15,"column":5}},"1":{"start":{"line":12,"column":6},"end":{"line":12,"column":33}},"2":{"start":{"line":14,"column":6},"end":{"line":14,"column":34}},"3":{"start":{"line":19,"column":4},"end":{"line":19,"column":69}},"4":{"start":{"line":19,"column":51},"end":{"line":19,"column":68}},"5":{"start":{"line":23,"column":22},"end":{"line":25,"column":6}},"6":{"start":{"line":24,"column":6},"end":{"line":24,"column":41}},"7":{"start":{"line":26,"column":4},"end":{"line":26,"column":41}},"8":{"start":{"line":31,"column":23},"end":{"line":43,"column":4}},"9":{"start":{"line":32,"column":4},"end":{"line":42,"column":7}},"10":{"start":{"line":47,"column":4},"end":{"line":51,"column":7}},"11":{"start":{"line":56,"column":31},"end":{"line":59,"column":2}},"12":{"start":{"line":56,"column":43},"end":{"line":59,"column":1}},"13":{"start":{"line":61,"column":34},"end":{"line":64,"column":2}},"14":{"start":{"line":61,"column":49},"end":{"line":64,"column":1}},"15":{"start":{"line":62,"column":24},"end":{"line":62,"column":50}},"16":{"start":{"line":63,"column":25},"end":{"line":63,"column":52}},"17":{"start":{"line":66,"column":0},"end":{"line":74,"column":1}}},"fnMap":{"0":{"name":"(anonymous_0)","decl":{"start":{"line":10,"column":15},"end":{"line":10,"column":16}},"loc":{"start":{"line":10,"column":23},"end":{"line":16,"column":3}},"line":10},"1":{"name":"(anonymous_1)","decl":{"start":{"line":18,"column":16},"end":{"line":18,"column":17}},"loc":{"start":{"line":18,"column":24},"end":{"line":20,"column":3}},"line":18},"2":{"name":"(anonymous_2)","decl":{"start":{"line":19,"column":37},"end":{"line":19,"column":38}},"loc":{"start":{"line":19,"column":51},"end":{"line":19,"column":68}},"line":19},"3":{"name":"(anonymous_3)","decl":{"start":{"line":22,"column":44},"end":{"line":22,"column":45}},"loc":{"start":{"line":22,"column":70},"end":{"line":27,"column":3}},"line":22},"4":{"name":"(anonymous_4)","decl":{"start":{"line":23,"column":48},"end":{"line":23,"column":49}},"loc":{"start":{"line":23,"column":58},"end":{"line":25,"column":5}},"line":23},"5":{"name":"(anonymous_5)","decl":{"start":{"line":31,"column":16},"end":{"line":31,"column":17}},"loc":{"start":{"line":31,"column":22},"end":{"line":44,"column":1}},"line":31},"6":{"name":"(anonymous_6)","decl":{"start":{"line":31,"column":51},"end":{"line":31,"column":52}},"loc":{"start":{"line":31,"column":61},"end":{"line":43,"column":3}},"line":31},"7":{"name":"(anonymous_7)","decl":{"start":{"line":46,"column":2},"end":{"line":46,"column":3}},"loc":{"start":{"line":46,"column":11},"end":{"line":52,"column":3}},"line":46},"8":{"name":"(anonymous_8)","decl":{"start":{"line":56,"column":31},"end":{"line":56,"column":32}},"loc":{"start":{"line":56,"column":43},"end":{"line":59,"column":1}},"line":56},"9":{"name":"(anonymous_9)","decl":{"start":{"line":61,"column":34},"end":{"line":61,"column":35}},"loc":{"start":{"line":61,"column":49},"end":{"line":64,"column":1}},"line":61},"10":{"name":"(anonymous_10)","decl":{"start":{"line":62,"column":16},"end":{"line":62,"column":17}},"loc":{"start":{"line":62,"column":24},"end":{"line":62,"column":50}},"line":62},"11":{"name":"(anonymous_11)","decl":{"start":{"line":63,"column":17},"end":{"line":63,"column":18}},"loc":{"start":{"line":63,"column":25},"end":{"line":63,"column":52}},"line":63}},"branchMap":{"0":{"loc":{"start":{"line":11,"column":4},"end":{"line":15,"column":5}},"type":"if","locations":[{"start":{"line":11,"column":4},"end":{"line":15,"column":5}},{"start":{"line":11,"column":4},"end":{"line":15,"column":5}}],"line":11}},"s":{"0":0,"1":0,"2":0,"3":0,"4":0,"5":6,"6":12,"7":6,"8":6,"9":0,"10":6,"11":2,"12":1,"13":2,"14":2,"15":1,"16":1,"17":2},"f":{"0":0,"1":0,"2":0,"3":6,"4":12,"5":6,"6":0,"7":6,"8":1,"9":2,"10":1,"11":1},"b":{"0":[0,0]},"_coverageSchema":"332fd63041d2c1bcb487cc26dd0d5f7d97098a6c","hash":"e076275989916980f757fabb9572c2b706c8d992"}
,"/Users/marikaross/mod3/cheese-louise/cheese-louise/src/containers/Header/Header.js": {"path":"/Users/marikaross/mod3/cheese-louise/cheese-louise/src/containers/Header/Header.js","statementMap":{"0":{"start":{"line":7,"column":22},"end":{"line":19,"column":1}},"1":{"start":{"line":9,"column":2},"end":{"line":18,"column":5}}},"fnMap":{"0":{"name":"(anonymous_0)","decl":{"start":{"line":7,"column":22},"end":{"line":7,"column":23}},"loc":{"start":{"line":7,"column":28},"end":{"line":19,"column":1}},"line":7}},"branchMap":{},"s":{"0":2,"1":1},"f":{"0":1},"b":{},"_coverageSchema":"332fd63041d2c1bcb487cc26dd0d5f7d97098a6c","hash":"6f6a3c151785355fec84458885ef35af65885b6e"}
,"/Users/marikaross/mod3/cheese-louise/cheese-louise/src/helper/cheese-cleaner.js": {"path":"/Users/marikaross/mod3/cheese-louise/cheese-louise/src/helper/cheese-cleaner.js","statementMap":{"0":{"start":{"line":1,"column":29},"end":{"line":17,"column":1}},"1":{"start":{"line":2,"column":2},"end":{"line":16,"column":5}},"2":{"start":{"line":4,"column":4},"end":{"line":8,"column":5}},"3":{"start":{"line":5,"column":6},"end":{"line":5,"column":38}},"4":{"start":{"line":7,"column":6},"end":{"line":7,"column":18}},"5":{"start":{"line":9,"column":4},"end":{"line":15,"column":11}},"6":{"start":{"line":19,"column":30},"end":{"line":21,"column":1}},"7":{"start":{"line":20,"column":2},"end":{"line":20,"column":26}}},"fnMap":{"0":{"name":"(anonymous_0)","decl":{"start":{"line":1,"column":29},"end":{"line":1,"column":30}},"loc":{"start":{"line":1,"column":45},"end":{"line":17,"column":1}},"line":1},"1":{"name":"(anonymous_1)","decl":{"start":{"line":2,"column":32},"end":{"line":2,"column":33}},"loc":{"start":{"line":2,"column":42},"end":{"line":16,"column":3}},"line":2},"2":{"name":"(anonymous_2)","decl":{"start":{"line":19,"column":30},"end":{"line":19,"column":31}},"loc":{"start":{"line":19,"column":47},"end":{"line":21,"column":1}},"line":19}},"branchMap":{"0":{"loc":{"start":{"line":4,"column":4},"end":{"line":8,"column":5}},"type":"if","locations":[{"start":{"line":4,"column":4},"end":{"line":8,"column":5}},{"start":{"line":4,"column":4},"end":{"line":8,"column":5}}],"line":4}},"s":{"0":6,"1":2,"2":3,"3":1,"4":2,"5":3,"6":6,"7":2},"f":{"0":2,"1":3,"2":2},"b":{"0":[1,2]},"_coverageSchema":"332fd63041d2c1bcb487cc26dd0d5f7d97098a6c","hash":"b1f4c8d286f101df8f08989c20453e52a6c0dc66"}
,"/Users/marikaross/mod3/cheese-louise/cheese-louise/src/helper/mockData.js": {"path":"/Users/marikaross/mod3/cheese-louise/cheese-louise/src/helper/mockData.js","statementMap":{"0":{"start":{"line":1,"column":30},"end":{"line":82,"column":1}},"1":{"start":{"line":84,"column":31},"end":{"line":95,"column":1}},"2":{"start":{"line":97,"column":32},"end":{"line":142,"column":1}}},"fnMap":{},"branchMap":{},"s":{"0":2,"1":2,"2":2},"f":{},"b":{},"_coverageSchema":"332fd63041d2c1bcb487cc26dd0d5f7d97098a6c","hash":"45d4bbca13927bab2eee0367ceeff610b2f3fc7b"}
,"/Users/marikaross/mod3/cheese-louise/cheese-louise/src/reducers/cheeseReducer.js": {"path":"/Users/marikaross/mod3/cheese-louise/cheese-louise/src/reducers/cheeseReducer.js","statementMap":{"0":{"start":{"line":1,"column":25},"end":{"line":7,"column":1}},"1":{"start":{"line":2,"column":2},"end":{"line":6,"column":3}},"2":{"start":{"line":4,"column":6},"end":{"line":4,"column":29}},"3":{"start":{"line":5,"column":13},"end":{"line":5,"column":25}},"4":{"start":{"line":9,"column":26},"end":{"line":16,"column":1}},"5":{"start":{"line":10,"column":2},"end":{"line":15,"column":3}},"6":{"start":{"line":12,"column":6},"end":{"line":12,"column":30}},"7":{"start":{"line":14,"column":4},"end":{"line":14,"column":16}},"8":{"start":{"line":19,"column":29},"end":{"line":38,"column":1}},"9":{"start":{"line":20,"column":2},"end":{"line":37,"column":3}},"10":{"start":{"line":22,"column":6},"end":{"line":22,"column":42}},"11":{"start":{"line":24,"column":6},"end":{"line":24,"column":27}},"12":{"start":{"line":26,"column":25},"end":{"line":33,"column":6}},"13":{"start":{"line":27,"column":7},"end":{"line":32,"column":8}},"14":{"start":{"line":28,"column":8},"end":{"line":28,"column":51}},"15":{"start":{"line":31,"column":8},"end":{"line":31,"column":21}},"16":{"start":{"line":34,"column":6},"end":{"line":34,"column":23}},"17":{"start":{"line":36,"column":6},"end":{"line":36,"column":18}}},"fnMap":{"0":{"name":"(anonymous_0)","decl":{"start":{"line":1,"column":25},"end":{"line":1,"column":26}},"loc":{"start":{"line":1,"column":52},"end":{"line":7,"column":1}},"line":1},"1":{"name":"(anonymous_1)","decl":{"start":{"line":9,"column":26},"end":{"line":9,"column":27}},"loc":{"start":{"line":9,"column":53},"end":{"line":16,"column":1}},"line":9},"2":{"name":"(anonymous_2)","decl":{"start":{"line":19,"column":29},"end":{"line":19,"column":30}},"loc":{"start":{"line":19,"column":53},"end":{"line":38,"column":1}},"line":19},"3":{"name":"(anonymous_3)","decl":{"start":{"line":26,"column":35},"end":{"line":26,"column":36}},"loc":{"start":{"line":26,"column":45},"end":{"line":33,"column":5}},"line":26}},"branchMap":{"0":{"loc":{"start":{"line":1,"column":26},"end":{"line":1,"column":39}},"type":"default-arg","locations":[{"start":{"line":1,"column":34},"end":{"line":1,"column":39}}],"line":1},"1":{"loc":{"start":{"line":2,"column":2},"end":{"line":6,"column":3}},"type":"switch","locations":[{"start":{"line":3,"column":4},"end":{"line":4,"column":29}},{"start":{"line":5,"column":4},"end":{"line":5,"column":25}}],"line":2},"2":{"loc":{"start":{"line":9,"column":27},"end":{"line":9,"column":40}},"type":"default-arg","locations":[{"start":{"line":9,"column":35},"end":{"line":9,"column":40}}],"line":9},"3":{"loc":{"start":{"line":10,"column":2},"end":{"line":15,"column":3}},"type":"switch","locations":[{"start":{"line":11,"column":4},"end":{"line":12,"column":30}},{"start":{"line":13,"column":4},"end":{"line":14,"column":16}}],"line":10},"4":{"loc":{"start":{"line":19,"column":30},"end":{"line":19,"column":40}},"type":"default-arg","locations":[{"start":{"line":19,"column":38},"end":{"line":19,"column":40}}],"line":19},"5":{"loc":{"start":{"line":20,"column":2},"end":{"line":37,"column":3}},"type":"switch","locations":[{"start":{"line":21,"column":4},"end":{"line":22,"column":42}},{"start":{"line":23,"column":4},"end":{"line":24,"column":27}},{"start":{"line":25,"column":4},"end":{"line":34,"column":23}},{"start":{"line":35,"column":4},"end":{"line":36,"column":18}}],"line":20},"6":{"loc":{"start":{"line":27,"column":7},"end":{"line":32,"column":8}},"type":"if","locations":[{"start":{"line":27,"column":7},"end":{"line":32,"column":8}},{"start":{"line":27,"column":7},"end":{"line":32,"column":8}}],"line":27}},"s":{"0":1,"1":1,"2":0,"3":1,"4":1,"5":1,"6":0,"7":1,"8":1,"9":4,"10":1,"11":1,"12":1,"13":1,"14":0,"15":1,"16":1,"17":1},"f":{"0":1,"1":1,"2":4,"3":1},"b":{"0":[0],"1":[0,1],"2":[0],"3":[0,1],"4":[0],"5":[1,1,1,1],"6":[0,1]},"_coverageSchema":"332fd63041d2c1bcb487cc26dd0d5f7d97098a6c","hash":"64003c8be489a550c23b720f2194fb2c60261a42"}
,"/Users/marikaross/mod3/cheese-louise/cheese-louise/src/reducers/favesReducer.js": {"path":"/Users/marikaross/mod3/cheese-louise/cheese-louise/src/reducers/favesReducer.js","statementMap":{"0":{"start":{"line":1,"column":28},"end":{"line":11,"column":1}},"1":{"start":{"line":2,"column":2},"end":{"line":10,"column":3}},"2":{"start":{"line":4,"column":6},"end":{"line":4,"column":34}},"3":{"start":{"line":6,"column":24},"end":{"line":6,"column":68}},"4":{"start":{"line":6,"column":47},"end":{"line":6,"column":67}},"5":{"start":{"line":7,"column":6},"end":{"line":7,"column":22}},"6":{"start":{"line":9,"column":6},"end":{"line":9,"column":18}}},"fnMap":{"0":{"name":"(anonymous_0)","decl":{"start":{"line":1,"column":28},"end":{"line":1,"column":29}},"loc":{"start":{"line":1,"column":52},"end":{"line":11,"column":1}},"line":1},"1":{"name":"(anonymous_1)","decl":{"start":{"line":6,"column":37},"end":{"line":6,"column":38}},"loc":{"start":{"line":6,"column":47},"end":{"line":6,"column":67}},"line":6}},"branchMap":{"0":{"loc":{"start":{"line":1,"column":29},"end":{"line":1,"column":39}},"type":"default-arg","locations":[{"start":{"line":1,"column":37},"end":{"line":1,"column":39}}],"line":1},"1":{"loc":{"start":{"line":2,"column":2},"end":{"line":10,"column":3}},"type":"switch","locations":[{"start":{"line":3,"column":4},"end":{"line":4,"column":34}},{"start":{"line":5,"column":4},"end":{"line":7,"column":22}},{"start":{"line":8,"column":4},"end":{"line":9,"column":18}}],"line":2}},"s":{"0":1,"1":3,"2":1,"3":1,"4":2,"5":1,"6":1},"f":{"0":3,"1":2},"b":{"0":[0],"1":[1,1,1]},"_coverageSchema":"332fd63041d2c1bcb487cc26dd0d5f7d97098a6c","hash":"bdb3769576f2fdda461b8032200a6a1ce982a323"}
,"/Users/marikaross/mod3/cheese-louise/cheese-louise/src/thunks/fetchCheese.js": {"path":"/Users/marikaross/mod3/cheese-louise/cheese-louise/src/thunks/fetchCheese.js","statementMap":{"0":{"start":{"line":4,"column":27},"end":{"line":21,"column":1}},"1":{"start":{"line":5,"column":2},"end":{"line":19,"column":3}},"2":{"start":{"line":6,"column":4},"end":{"line":18,"column":7}},"3":{"start":{"line":7,"column":6},"end":{"line":7,"column":31}},"4":{"start":{"line":8,"column":23},"end":{"line":8,"column":39}},"5":{"start":{"line":9,"column":8},"end":{"line":11,"column":9}},"6":{"start":{"line":10,"column":10},"end":{"line":10,"column":43}},"7":{"start":{"line":12,"column":8},"end":{"line":12,"column":34}},"8":{"start":{"line":13,"column":23},"end":{"line":13,"column":44}},"9":{"start":{"line":14,"column":29},"end":{"line":14,"column":50}},"10":{"start":{"line":15,"column":8},"end":{"line":15,"column":54}},"11":{"start":{"line":17,"column":8},"end":{"line":17,"column":34}}},"fnMap":{"0":{"name":"(anonymous_0)","decl":{"start":{"line":4,"column":27},"end":{"line":4,"column":28}},"loc":{"start":{"line":4,"column":36},"end":{"line":21,"column":1}},"line":4},"1":{"name":"(anonymous_1)","decl":{"start":{"line":5,"column":9},"end":{"line":5,"column":10}},"loc":{"start":{"line":5,"column":29},"end":{"line":19,"column":3}},"line":5}},"branchMap":{"0":{"loc":{"start":{"line":9,"column":8},"end":{"line":11,"column":9}},"type":"if","locations":[{"start":{"line":9,"column":8},"end":{"line":11,"column":9}},{"start":{"line":9,"column":8},"end":{"line":11,"column":9}}],"line":9}},"s":{"0":1,"1":4,"2":4,"3":4,"4":4,"5":3,"6":1,"7":2,"8":2,"9":1,"10":1,"11":3},"f":{"0":4,"1":4},"b":{"0":[1,2]},"_coverageSchema":"332fd63041d2c1bcb487cc26dd0d5f7d97098a6c","hash":"26ce6f263a545da0d50ffcc7d62324e5b3af371e"}
,"/Users/marikaross/mod3/cheese-louise/cheese-louise/src/thunks/fetchSummary.js": {"path":"/Users/marikaross/mod3/cheese-louise/cheese-louise/src/thunks/fetchSummary.js","statementMap":{"0":{"start":{"line":4,"column":28},"end":{"line":21,"column":1}},"1":{"start":{"line":5,"column":2},"end":{"line":19,"column":5}},"2":{"start":{"line":6,"column":4},"end":{"line":18,"column":7}},"3":{"start":{"line":7,"column":6},"end":{"line":7,"column":31}},"4":{"start":{"line":8,"column":23},"end":{"line":8,"column":39}},"5":{"start":{"line":9,"column":8},"end":{"line":11,"column":9}},"6":{"start":{"line":10,"column":10},"end":{"line":10,"column":43}},"7":{"start":{"line":12,"column":8},"end":{"line":12,"column":34}},"8":{"start":{"line":13,"column":23},"end":{"line":13,"column":44}},"9":{"start":{"line":14,"column":29},"end":{"line":14,"column":51}},"10":{"start":{"line":15,"column":8},"end":{"line":15,"column":59}},"11":{"start":{"line":17,"column":8},"end":{"line":17,"column":35}}},"fnMap":{"0":{"name":"(anonymous_0)","decl":{"start":{"line":4,"column":28},"end":{"line":4,"column":29}},"loc":{"start":{"line":4,"column":41},"end":{"line":21,"column":1}},"line":4},"1":{"name":"(anonymous_1)","decl":{"start":{"line":5,"column":9},"end":{"line":5,"column":10}},"loc":{"start":{"line":5,"column":29},"end":{"line":19,"column":5}},"line":5}},"branchMap":{"0":{"loc":{"start":{"line":9,"column":8},"end":{"line":11,"column":9}},"type":"if","locations":[{"start":{"line":9,"column":8},"end":{"line":11,"column":9}},{"start":{"line":9,"column":8},"end":{"line":11,"column":9}}],"line":9}},"s":{"0":4,"1":4,"2":4,"3":4,"4":4,"5":3,"6":1,"7":2,"8":2,"9":1,"10":1,"11":3},"f":{"0":4,"1":4},"b":{"0":[1,2]},"_coverageSchema":"332fd63041d2c1bcb487cc26dd0d5f7d97098a6c","hash":"ffa0dd8760946bc36be543b792b4ec7348480c24"}
}
