TN:
SF:/Users/marikaross/mod3/cheese-louise/cheese-louise/src/actions/index.js
FN:1,(anonymous_0)
FN:6,(anonymous_1)
FN:11,(anonymous_2)
FN:16,(anonymous_3)
FN:21,(anonymous_4)
FN:26,(anonymous_5)
FN:31,(anonymous_6)
FN:36,(anonymous_7)
FNF:8
FNH:8
FNDA:4,(anonymous_0)
FNDA:1,(anonymous_1)
FNDA:6,(anonymous_2)
FNDA:6,(anonymous_3)
FNDA:19,(anonymous_4)
FNDA:9,(anonymous_5)
FNDA:4,(anonymous_6)
FNDA:4,(anonymous_7)
DA:1,10
DA:6,10
DA:11,10
DA:16,10
DA:21,19
DA:26,10
DA:31,10
DA:36,10
LF:8
LH:8
BRF:0
BRH:0
end_of_record
TN:
SF:/Users/marikaross/mod3/cheese-louise/cheese-louise/src/components/CheeseCard.js
FN:9,(anonymous_0)
FN:10,(anonymous_1)
FN:19,(anonymous_2)
FN:25,(anonymous_3)
FN:28,(anonymous_4)
FNF:5
FNH:2
FNDA:8,(anonymous_0)
FNDA:0,(anonymous_1)
FNDA:0,(anonymous_2)
FNDA:0,(anonymous_3)
FNDA:5,(anonymous_4)
DA:9,4
DA:10,8
DA:11,0
DA:12,0
DA:13,0
DA:16,8
DA:19,0
DA:25,0
DA:28,5
DA:37,4
LF:10
LH:5
BRDA:20,0,0,8
BRDA:20,0,1,0
BRDA:29,1,0,0
BRDA:29,1,1,7
BRF:4
BRH:2
end_of_record
TN:
SF:/Users/marikaross/mod3/cheese-louise/cheese-louise/src/components/CheeseDetails.js
FN:9,(anonymous_0)
FNF:1
FNH:1
FNDA:1,(anonymous_0)
DA:9,2
DA:10,1
DA:32,2
LF:3
LH:3
BRDA:14,0,0,1
BRDA:14,0,1,0
BRF:2
BRH:1
end_of_record
TN:
SF:/Users/marikaross/mod3/cheese-louise/cheese-louise/src/containers/App/App.js
FN:17,(anonymous_0)
FN:23,(anonymous_1)
FN:30,(anonymous_2)
FN:31,(anonymous_3)
FN:47,(anonymous_4)
FN:54,(anonymous_5)
FN:55,(anonymous_6)
FN:56,(anonymous_7)
FNF:8
FNH:6
FNDA:4,(anonymous_0)
FNDA:4,(anonymous_1)
FNDA:0,(anonymous_2)
FNDA:0,(anonymous_3)
FNDA:1,(anonymous_4)
FNDA:2,(anonymous_5)
FNDA:1,(anonymous_6)
FNDA:1,(anonymous_7)
DA:18,4
DA:19,4
DA:24,4
DA:31,0
DA:32,0
DA:34,0
DA:47,1
DA:54,2
DA:55,1
DA:56,1
DA:60,1
LF:11
LH:8
BRF:0
BRH:0
end_of_record
TN:
SF:/Users/marikaross/mod3/cheese-louise/cheese-louise/src/containers/CheeseContainer/CheeseContainer.js
FN:12,(anonymous_0)
FN:20,(anonymous_1)
FN:21,(anonymous_2)
FN:24,(anonymous_3)
FN:31,(anonymous_4)
FN:31,(anonymous_5)
FN:50,(anonymous_6)
FN:60,(anonymous_7)
FN:65,(anonymous_8)
FN:66,(anonymous_9)
FN:67,(anonymous_10)
FN:68,(anonymous_11)
FNF:12
FNH:11
FNDA:2,(anonymous_0)
FNDA:5,(anonymous_1)
FNDA:5,(anonymous_2)
FNDA:0,(anonymous_3)
FNDA:9,(anonymous_4)
FNDA:18,(anonymous_5)
FNDA:9,(anonymous_6)
FNDA:1,(anonymous_7)
FNDA:3,(anonymous_8)
FNDA:1,(anonymous_9)
FNDA:1,(anonymous_10)
FNDA:1,(anonymous_11)
DA:13,2
DA:14,0
DA:16,2
DA:21,5
DA:25,0
DA:26,0
DA:31,9
DA:32,18
DA:52,9
DA:60,2
DA:65,3
DA:66,1
DA:67,1
DA:68,1
DA:71,2
LF:15
LH:12
BRDA:13,0,0,0
BRDA:13,0,1,2
BRF:2
BRH:1
end_of_record
TN:
SF:/Users/marikaross/mod3/cheese-louise/cheese-louise/src/containers/Favorites/Favorites.js
FN:10,(anonymous_0)
FN:18,(anonymous_1)
FN:19,(anonymous_2)
FN:22,(anonymous_3)
FN:23,(anonymous_4)
FN:31,(anonymous_5)
FN:31,(anonymous_6)
FN:46,(anonymous_7)
FN:56,(anonymous_8)
FN:61,(anonymous_9)
FN:62,(anonymous_10)
FN:63,(anonymous_11)
FNF:12
FNH:8
FNDA:0,(anonymous_0)
FNDA:0,(anonymous_1)
FNDA:0,(anonymous_2)
FNDA:6,(anonymous_3)
FNDA:12,(anonymous_4)
FNDA:6,(anonymous_5)
FNDA:0,(anonymous_6)
FNDA:6,(anonymous_7)
FNDA:1,(anonymous_8)
FNDA:2,(anonymous_9)
FNDA:1,(anonymous_10)
FNDA:1,(anonymous_11)
DA:11,0
DA:12,0
DA:14,0
DA:19,0
DA:23,6
DA:24,12
DA:26,6
DA:31,6
DA:32,0
DA:47,6
DA:56,2
DA:61,2
DA:62,1
DA:63,1
DA:66,2
LF:15
LH:10
BRDA:11,0,0,0
BRDA:11,0,1,0
BRF:2
BRH:0
end_of_record
TN:
SF:/Users/marikaross/mod3/cheese-louise/cheese-louise/src/containers/Header/Header.js
FN:7,(anonymous_0)
FNF:1
FNH:1
FNDA:1,(anonymous_0)
DA:7,2
DA:9,1
LF:2
LH:2
BRF:0
BRH:0
end_of_record
TN:
SF:/Users/marikaross/mod3/cheese-louise/cheese-louise/src/helper/cheese-cleaner.js
FN:1,(anonymous_0)
FN:2,(anonymous_1)
FN:19,(anonymous_2)
FNF:3
FNH:3
FNDA:2,(anonymous_0)
FNDA:3,(anonymous_1)
FNDA:2,(anonymous_2)
DA:1,6
DA:2,2
DA:4,3
DA:5,1
DA:7,2
DA:9,3
DA:19,6
DA:20,2
LF:8
LH:8
BRDA:4,0,0,1
BRDA:4,0,1,2
BRF:2
BRH:2
end_of_record
TN:
SF:/Users/marikaross/mod3/cheese-louise/cheese-louise/src/helper/mockData.js
FNF:0
FNH:0
DA:1,2
DA:84,2
DA:97,2
LF:3
LH:3
BRF:0
BRH:0
end_of_record
TN:
SF:/Users/marikaross/mod3/cheese-louise/cheese-louise/src/reducers/cheeseReducer.js
FN:1,(anonymous_0)
FN:9,(anonymous_1)
FN:19,(anonymous_2)
FN:26,(anonymous_3)
FNF:4
FNH:4
FNDA:1,(anonymous_0)
FNDA:1,(anonymous_1)
FNDA:4,(anonymous_2)
FNDA:1,(anonymous_3)
DA:1,1
DA:2,1
DA:4,0
DA:5,1
DA:9,1
DA:10,1
DA:12,0
DA:14,1
DA:19,1
DA:20,4
DA:22,1
DA:24,1
DA:26,1
DA:27,1
DA:28,0
DA:31,1
DA:34,1
DA:36,1
LF:18
LH:15
BRDA:1,0,0,0
BRDA:2,1,0,0
BRDA:2,1,1,1
BRDA:9,2,0,0
BRDA:10,3,0,0
BRDA:10,3,1,1
BRDA:19,4,0,0
BRDA:20,5,0,1
BRDA:20,5,1,1
BRDA:20,5,2,1
BRDA:20,5,3,1
BRDA:27,6,0,0
BRDA:27,6,1,1
BRF:13
BRH:7
end_of_record
TN:
SF:/Users/marikaross/mod3/cheese-louise/cheese-louise/src/reducers/favesReducer.js
FN:1,(anonymous_0)
FN:6,(anonymous_1)
FNF:2
FNH:2
FNDA:3,(anonymous_0)
FNDA:2,(anonymous_1)
DA:1,1
DA:2,3
DA:4,1
DA:6,2
DA:7,1
DA:9,1
LF:6
LH:6
BRDA:1,0,0,0
BRDA:2,1,0,1
BRDA:2,1,1,1
BRDA:2,1,2,1
BRF:4
BRH:3
end_of_record
TN:
SF:/Users/marikaross/mod3/cheese-louise/cheese-louise/src/thunks/fetchCheese.js
FN:4,(anonymous_0)
FN:5,(anonymous_1)
FNF:2
FNH:2
FNDA:4,(anonymous_0)
FNDA:4,(anonymous_1)
DA:4,1
DA:5,4
DA:6,4
DA:7,4
DA:8,4
DA:9,3
DA:10,1
DA:12,2
DA:13,2
DA:14,1
DA:15,1
DA:17,3
LF:12
LH:12
BRDA:9,0,0,1
BRDA:9,0,1,2
BRF:2
BRH:2
end_of_record
TN:
SF:/Users/marikaross/mod3/cheese-louise/cheese-louise/src/thunks/fetchSummary.js
FN:4,(anonymous_0)
FN:5,(anonymous_1)
FNF:2
FNH:2
FNDA:4,(anonymous_0)
FNDA:4,(anonymous_1)
DA:4,4
DA:5,4
DA:6,4
DA:7,4
DA:8,4
DA:9,3
DA:10,1
DA:12,2
DA:13,2
DA:14,1
DA:15,1
DA:17,3
LF:12
LH:12
BRDA:9,0,0,1
BRDA:9,0,1,2
BRF:2
BRH:2
end_of_record
